[0629/234433.860:ERROR:process_info.cc(329)] VirtualQueryEx: Access is denied. (0x5)
[0629/234433.861:ERROR:process_info.cc(556)] ReadMemoryInfo failed
[0629/234433.861:ERROR:process_memory_win.cc(39)] Failed to initialize ProcessInfo.
[0629/234433.861:ERROR:scoped_process_suspend.cc(40)] NtResumeProcess: An attempt was made to access an exiting process. (0xc000010a)
[0630/012807.246:ERROR:process_memory_win.cc(73)] ReadMemory at 0x878000 of 98304 bytes failed: Only part of a ReadProcessMemory or WriteProcessMemory request was completed. (0x12B)
[0630/012807.274:ERROR:process_memory_win.cc(73)] ReadMemory at 0x366f000 of 4096 bytes failed: Only part of a ReadProcessMemory or WriteProcessMemory request was completed. (0x12B)
[0630/012807.289:ERROR:process_memory_win.cc(73)] ReadMemory at 0x479f000 of 4096 bytes failed: Only part of a ReadProcessMemory or WriteProcessMemory request was completed. (0x12B)
[0630/012807.289:ERROR:process_memory_win.cc(73)] ReadMemory at 0x50cc000 of 16384 bytes failed: Only part of a ReadProcessMemory or WriteProcessMemory request was completed. (0x12B)
[0630/012807.289:ERROR:process_memory_win.cc(73)] ReadMemory at 0x599f000 of 4096 bytes failed: Only part of a ReadProcessMemory or WriteProcessMemory request was completed. (0x12B)
[0630/012807.289:ERROR:process_memory_win.cc(73)] ReadMemory at 0x630f000 of 4096 bytes failed: Only part of a ReadProcessMemory or WriteProcessMemory request was completed. (0x12B)
[0630/012807.289:ERROR:process_memory_win.cc(73)] ReadMemory at 0x787b000 of 20480 bytes failed: Only part of a ReadProcessMemory or WriteProcessMemory request was completed. (0x12B)
[0630/012807.289:ERROR:process_memory_win.cc(73)] ReadMemory at 0x825c000 of 16384 bytes failed: Only part of a ReadProcessMemory or WriteProcessMemory request was completed. (0x12B)
[0630/012807.289:ERROR:process_memory_win.cc(73)] ReadMemory at 0x8cb8000 of 32768 bytes failed: Only part of a ReadProcessMemory or WriteProcessMemory request was completed. (0x12B)
[0630/012807.306:ERROR:process_memory_win.cc(73)] ReadMemory at 0x966b000 of 20480 bytes failed: Only part of a ReadProcessMemory or WriteProcessMemory request was completed. (0x12B)
[0630/012807.309:ERROR:process_memory_win.cc(73)] ReadMemory at 0xa7d5000 of 45056 bytes failed: Only part of a ReadProcessMemory or WriteProcessMemory request was completed. (0x12B)
[0630/012807.309:ERROR:process_memory_win.cc(73)] ReadMemory at 0xc46c000 of 16384 bytes failed: Only part of a ReadProcessMemory or WriteProcessMemory request was completed. (0x12B)
[0630/012807.309:ERROR:process_memory_win.cc(73)] ReadMemory at 0x10f9d000 of 12288 bytes failed: Only part of a ReadProcessMemory or WriteProcessMemory request was completed. (0x12B)
[0630/012807.309:ERROR:process_memory_win.cc(73)] ReadMemory at 0x117c4000 of 49152 bytes failed: Only part of a ReadProcessMemory or WriteProcessMemory request was completed. (0x12B)
[0630/012807.309:ERROR:process_memory_win.cc(73)] ReadMemory at 0x1b34d000 of 12288 bytes failed: Only part of a ReadProcessMemory or WriteProcessMemory request was completed. (0x12B)
[0630/012807.309:ERROR:process_memory_win.cc(73)] ReadMemory at 0x1fbbd000 of 12288 bytes failed: Only part of a ReadProcessMemory or WriteProcessMemory request was completed. (0x12B)
[0630/012807.309:ERROR:process_memory_win.cc(73)] ReadMemory at 0x8f1320 of 3630 bytes failed: Only part of a ReadProcessMemory or WriteProcessMemory request was completed. (0x12B)
[0630/012807.309:ERROR:process_memory_win.cc(73)] ReadMemory at 0x8f2160 of 1012 bytes failed: Only part of a ReadProcessMemory or WriteProcessMemory request was completed. (0x12B)
[0630/012807.309:ERROR:process_memory_win.cc(73)] ReadMemory at 0x8f2768 of 844 bytes failed: Only part of a ReadProcessMemory or WriteProcessMemory request was completed. (0x12B)
[0630/012807.309:ERROR:process_memory_win.cc(73)] ReadMemory at 0x8f2ab6 of 118 bytes failed: Only part of a ReadProcessMemory or WriteProcessMemory request was completed. (0x12B)
[0630/012807.309:ERROR:process_memory_win.cc(73)] ReadMemory at 0x8f2b2e of 1186 bytes failed: Only part of a ReadProcessMemory or WriteProcessMemory request was completed. (0x12B)
[0630/012807.309:ERROR:process_memory_win.cc(73)] ReadMemory at 0x8f2fd2 of 118 bytes failed: Only part of a ReadProcessMemory or WriteProcessMemory request was completed. (0x12B)
[0630/012807.309:ERROR:process_memory_win.cc(73)] ReadMemory at 0x8f304a of 96 bytes failed: Only part of a ReadProcessMemory or WriteProcessMemory request was completed. (0x12B)
[0630/012807.309:ERROR:process_memory_win.cc(73)] ReadMemory at 0x8f30c0 of 58 bytes failed: Only part of a ReadProcessMemory or WriteProcessMemory request was completed. (0x12B)
[0630/012807.309:ERROR:process_memory_win.cc(73)] ReadMemory at 0x8f3150 of 132 bytes failed: Only part of a ReadProcessMemory or WriteProcessMemory request was completed. (0x12B)
[0630/012807.309:ERROR:process_memory_win.cc(73)] ReadMemory at 0x8f3240 of 132 bytes failed: Only part of a ReadProcessMemory or WriteProcessMemory request was completed. (0x12B)
[0630/012807.309:ERROR:process_memory_win.cc(73)] ReadMemory at 0x8f3358 of 126 bytes failed: Only part of a ReadProcessMemory or WriteProcessMemory request was completed. (0x12B)
[0630/012807.309:ERROR:process_memory_win.cc(73)] ReadMemory at 0x8f3640 of 64 bytes failed: Only part of a ReadProcessMemory or WriteProcessMemory request was completed. (0x12B)
[0630/012807.309:ERROR:process_memory_win.cc(73)] ReadMemory at 0x8f3690 of 132 bytes failed: Only part of a ReadProcessMemory or WriteProcessMemory request was completed. (0x12B)
[0630/012807.309:ERROR:process_memory_win.cc(73)] ReadMemory at 0x8f37b0 of 68 bytes failed: Only part of a ReadProcessMemory or WriteProcessMemory request was completed. (0x12B)
[0630/012807.309:ERROR:process_memory_win.cc(73)] ReadMemory at 0x8f3800 of 132 bytes failed: Only part of a ReadProcessMemory or WriteProcessMemory request was completed. (0x12B)
[0630/012807.309:ERROR:process_memory_win.cc(73)] ReadMemory at 0x8f4a40 of 154 bytes failed: Only part of a ReadProcessMemory or WriteProcessMemory request was completed. (0x12B)
[0630/012807.316:ERROR:process_memory_win.cc(73)] ReadMemory at 0x8f4af0 of 132 bytes failed: Only part of a ReadProcessMemory or WriteProcessMemory request was completed. (0x12B)
[0630/012807.316:ERROR:process_memory_win.cc(73)] ReadMemory at 0x8f5250 of 60 bytes failed: Only part of a ReadProcessMemory or WriteProcessMemory request was completed. (0x12B)
[0630/012807.316:ERROR:process_memory_win.cc(73)] ReadMemory at 0x8f52a0 of 132 bytes failed: Only part of a ReadProcessMemory or WriteProcessMemory request was completed. (0x12B)
[0630/012807.316:ERROR:process_memory_win.cc(73)] ReadMemory at 0x8f54f0 of 62 bytes failed: Only part of a ReadProcessMemory or WriteProcessMemory request was completed. (0x12B)
[0630/012807.316:ERROR:process_memory_win.cc(73)] ReadMemory at 0x8f5540 of 132 bytes failed: Only part of a ReadProcessMemory or WriteProcessMemory request was completed. (0x12B)
[0630/012807.316:ERROR:process_memory_win.cc(73)] ReadMemory at 0x918480 of 104 bytes failed: Only part of a ReadProcessMemory or WriteProcessMemory request was completed. (0x12B)
[0630/012807.316:ERROR:process_memory_win.cc(73)] ReadMemory at 0x918500 of 132 bytes failed: Only part of a ReadProcessMemory or WriteProcessMemory request was completed. (0x12B)
[0630/012807.316:ERROR:process_memory_win.cc(73)] ReadMemory at 0x91b25c of 512 bytes failed: Only part of a ReadProcessMemory or WriteProcessMemory request was completed. (0x12B)
[0630/012807.316:ERROR:process_memory_win.cc(73)] ReadMemory at 0x91bde0 of 146 bytes failed: Only part of a ReadProcessMemory or WriteProcessMemory request was completed. (0x12B)
[0630/012807.316:ERROR:process_memory_win.cc(73)] ReadMemory at 0x91cbd0 of 54 bytes failed: Only part of a ReadProcessMemory or WriteProcessMemory request was completed. (0x12B)
[0630/012807.316:ERROR:process_memory_win.cc(73)] ReadMemory at 0x91d3a0 of 58 bytes failed: Only part of a ReadProcessMemory or WriteProcessMemory request was completed. (0x12B)
[0630/012807.316:ERROR:process_memory_win.cc(73)] ReadMemory at 0x91d3f0 of 60 bytes failed: Only part of a ReadProcessMemory or WriteProcessMemory request was completed. (0x12B)
[0630/012807.316:ERROR:process_memory_win.cc(73)] ReadMemory at 0x91d440 of 58 bytes failed: Only part of a ReadProcessMemory or WriteProcessMemory request was completed. (0x12B)
[0630/012807.316:ERROR:process_memory_win.cc(73)] ReadMemory at 0x91d580 of 132 bytes failed: Only part of a ReadProcessMemory or WriteProcessMemory request was completed. (0x12B)
[0630/012807.316:ERROR:process_memory_win.cc(73)] ReadMemory at 0x91d670 of 132 bytes failed: Only part of a ReadProcessMemory or WriteProcessMemory request was completed. (0x12B)
[0630/012807.316:ERROR:process_memory_win.cc(73)] ReadMemory at 0x91d760 of 132 bytes failed: Only part of a ReadProcessMemory or WriteProcessMemory request was completed. (0x12B)
[0630/012807.316:ERROR:process_memory_win.cc(73)] ReadMemory at 0x91d850 of 132 bytes failed: Only part of a ReadProcessMemory or WriteProcessMemory request was completed. (0x12B)
[0630/012807.319:ERROR:process_memory_win.cc(73)] ReadMemory at 0x91d940 of 132 bytes failed: Only part of a ReadProcessMemory or WriteProcessMemory request was completed. (0x12B)
[0630/012807.319:ERROR:process_memory_win.cc(73)] ReadMemory at 0x91dba0 of 58 bytes failed: Only part of a ReadProcessMemory or WriteProcessMemory request was completed. (0x12B)
[0630/012807.319:ERROR:process_memory_win.cc(73)] ReadMemory at 0x91dbf0 of 58 bytes failed: Only part of a ReadProcessMemory or WriteProcessMemory request was completed. (0x12B)
[0630/012807.319:ERROR:process_memory_win.cc(73)] ReadMemory at 0x91dc40 of 64 bytes failed: Only part of a ReadProcessMemory or WriteProcessMemory request was completed. (0x12B)
[0630/012807.319:ERROR:process_memory_win.cc(73)] ReadMemory at 0x91dc90 of 62 bytes failed: Only part of a ReadProcessMemory or WriteProcessMemory request was completed. (0x12B)
[0630/012807.319:ERROR:process_memory_win.cc(73)] ReadMemory at 0x91dce0 of 60 bytes failed: Only part of a ReadProcessMemory or WriteProcessMemory request was completed. (0x12B)
[0630/012807.319:ERROR:process_memory_win.cc(73)] ReadMemory at 0x91dd30 of 60 bytes failed: Only part of a ReadProcessMemory or WriteProcessMemory request was completed. (0x12B)
[0630/012807.319:ERROR:process_memory_win.cc(73)] ReadMemory at 0x91dd80 of 64 bytes failed: Only part of a ReadProcessMemory or WriteProcessMemory request was completed. (0x12B)
[0630/012807.319:ERROR:process_memory_win.cc(73)] ReadMemory at 0x91ddd0 of 60 bytes failed: Only part of a ReadProcessMemory or WriteProcessMemory request was completed. (0x12B)
[0630/012807.319:ERROR:process_memory_win.cc(73)] ReadMemory at 0x91de20 of 64 bytes failed: Only part of a ReadProcessMemory or WriteProcessMemory request was completed. (0x12B)
[0630/012807.319:ERROR:process_memory_win.cc(73)] ReadMemory at 0x91de70 of 58 bytes failed: Only part of a ReadProcessMemory or WriteProcessMemory request was completed. (0x12B)
[0630/012807.319:ERROR:process_memory_win.cc(73)] ReadMemory at 0x91dec0 of 58 bytes failed: Only part of a ReadProcessMemory or WriteProcessMemory request was completed. (0x12B)
[0630/012807.319:ERROR:process_memory_win.cc(73)] ReadMemory at 0x91df10 of 62 bytes failed: Only part of a ReadProcessMemory or WriteProcessMemory request was completed. (0x12B)
[0630/012807.319:ERROR:process_memory_win.cc(73)] ReadMemory at 0x91df60 of 62 bytes failed: Only part of a ReadProcessMemory or WriteProcessMemory request was completed. (0x12B)
[0630/012807.319:ERROR:process_memory_win.cc(73)] ReadMemory at 0x91dfb0 of 62 bytes failed: Only part of a ReadProcessMemory or WriteProcessMemory request was completed. (0x12B)
[0630/012807.319:ERROR:process_memory_win.cc(73)] ReadMemory at 0x91e000 of 62 bytes failed: Only part of a ReadProcessMemory or WriteProcessMemory request was completed. (0x12B)
[0630/012807.319:ERROR:process_memory_win.cc(73)] ReadMemory at 0x91e050 of 64 bytes failed: Only part of a ReadProcessMemory or WriteProcessMemory request was completed. (0x12B)
[0630/012807.319:ERROR:process_memory_win.cc(73)] ReadMemory at 0x91e0a0 of 62 bytes failed: Only part of a ReadProcessMemory or WriteProcessMemory request was completed. (0x12B)
[0630/012807.319:ERROR:process_memory_win.cc(73)] ReadMemory at 0x91e0f0 of 60 bytes failed: Only part of a ReadProcessMemory or WriteProcessMemory request was completed. (0x12B)
[0630/012807.319:ERROR:process_memory_win.cc(73)] ReadMemory at 0x91e140 of 58 bytes failed: Only part of a ReadProcessMemory or WriteProcessMemory request was completed. (0x12B)
[0630/012807.319:ERROR:process_memory_win.cc(73)] ReadMemory at 0x91e190 of 60 bytes failed: Only part of a ReadProcessMemory or WriteProcessMemory request was completed. (0x12B)
[0630/012807.319:ERROR:process_memory_win.cc(73)] ReadMemory at 0x91e1e0 of 60 bytes failed: Only part of a ReadProcessMemory or WriteProcessMemory request was completed. (0x12B)
[0630/012807.319:ERROR:process_memory_win.cc(73)] ReadMemory at 0x91e230 of 64 bytes failed: Only part of a ReadProcessMemory or WriteProcessMemory request was completed. (0x12B)
[0630/012807.319:ERROR:process_memory_win.cc(73)] ReadMemory at 0x91e280 of 62 bytes failed: Only part of a ReadProcessMemory or WriteProcessMemory request was completed. (0x12B)
[0630/012807.319:ERROR:process_memory_win.cc(73)] ReadMemory at 0x91e2d0 of 62 bytes failed: Only part of a ReadProcessMemory or WriteProcessMemory request was completed. (0x12B)
[0630/012807.319:ERROR:process_memory_win.cc(73)] ReadMemory at 0x91e320 of 58 bytes failed: Only part of a ReadProcessMemory or WriteProcessMemory request was completed. (0x12B)
[0630/012807.319:ERROR:process_memory_win.cc(73)] ReadMemory at 0x91e370 of 64 bytes failed: Only part of a ReadProcessMemory or WriteProcessMemory request was completed. (0x12B)
[0630/012807.319:ERROR:process_memory_win.cc(73)] ReadMemory at 0x91eb70 of 132 bytes failed: Only part of a ReadProcessMemory or WriteProcessMemory request was completed. (0x12B)
[0630/012807.319:ERROR:process_memory_win.cc(73)] ReadMemory at 0x9209c0 of 54 bytes failed: Only part of a ReadProcessMemory or WriteProcessMemory request was completed. (0x12B)
[0630/012807.319:ERROR:process_memory_win.cc(73)] ReadMemory at 0x9238c0 of 132 bytes failed: Only part of a ReadProcessMemory or WriteProcessMemory request was completed. (0x12B)
[0630/012807.319:ERROR:process_memory_win.cc(73)] ReadMemory at 0x9239b0 of 132 bytes failed: Only part of a ReadProcessMemory or WriteProcessMemory request was completed. (0x12B)
[0630/012807.319:ERROR:process_memory_win.cc(73)] ReadMemory at 0x923aa0 of 132 bytes failed: Only part of a ReadProcessMemory or WriteProcessMemory request was completed. (0x12B)
[0630/012807.319:ERROR:process_memory_win.cc(73)] ReadMemory at 0x923b90 of 132 bytes failed: Only part of a ReadProcessMemory or WriteProcessMemory request was completed. (0x12B)
[0630/012807.319:ERROR:process_memory_win.cc(73)] ReadMemory at 0x923c80 of 132 bytes failed: Only part of a ReadProcessMemory or WriteProcessMemory request was completed. (0x12B)
[0630/012807.319:ERROR:process_memory_win.cc(73)] ReadMemory at 0x923d70 of 132 bytes failed: Only part of a ReadProcessMemory or WriteProcessMemory request was completed. (0x12B)
[0630/012807.319:ERROR:process_memory_win.cc(73)] ReadMemory at 0x923e60 of 132 bytes failed: Only part of a ReadProcessMemory or WriteProcessMemory request was completed. (0x12B)
[0630/012807.319:ERROR:process_memory_win.cc(73)] ReadMemory at 0x923f50 of 132 bytes failed: Only part of a ReadProcessMemory or WriteProcessMemory request was completed. (0x12B)
[0630/012807.321:ERROR:process_memory_win.cc(73)] ReadMemory at 0x924040 of 132 bytes failed: Only part of a ReadProcessMemory or WriteProcessMemory request was completed. (0x12B)
[0630/012807.321:ERROR:process_memory_win.cc(73)] ReadMemory at 0x924130 of 132 bytes failed: Only part of a ReadProcessMemory or WriteProcessMemory request was completed. (0x12B)
[0630/012807.321:ERROR:process_memory_win.cc(73)] ReadMemory at 0x924220 of 132 bytes failed: Only part of a ReadProcessMemory or WriteProcessMemory request was completed. (0x12B)
[0630/012807.321:ERROR:process_memory_win.cc(73)] ReadMemory at 0x924310 of 132 bytes failed: Only part of a ReadProcessMemory or WriteProcessMemory request was completed. (0x12B)
[0630/012807.321:ERROR:process_memory_win.cc(73)] ReadMemory at 0x924400 of 132 bytes failed: Only part of a ReadProcessMemory or WriteProcessMemory request was completed. (0x12B)
[0630/012807.321:ERROR:process_memory_win.cc(73)] ReadMemory at 0x9244f0 of 132 bytes failed: Only part of a ReadProcessMemory or WriteProcessMemory request was completed. (0x12B)
[0630/012807.321:ERROR:process_memory_win.cc(73)] ReadMemory at 0x9245e0 of 132 bytes failed: Only part of a ReadProcessMemory or WriteProcessMemory request was completed. (0x12B)
[0630/012807.321:ERROR:process_memory_win.cc(73)] ReadMemory at 0x9246d0 of 132 bytes failed: Only part of a ReadProcessMemory or WriteProcessMemory request was completed. (0x12B)
[0630/012807.321:ERROR:process_memory_win.cc(73)] ReadMemory at 0x9247c0 of 132 bytes failed: Only part of a ReadProcessMemory or WriteProcessMemory request was completed. (0x12B)
[0630/012807.321:ERROR:process_memory_win.cc(73)] ReadMemory at 0x9248b0 of 132 bytes failed: Only part of a ReadProcessMemory or WriteProcessMemory request was completed. (0x12B)
[0630/012807.321:ERROR:process_memory_win.cc(73)] ReadMemory at 0x9249a0 of 132 bytes failed: Only part of a ReadProcessMemory or WriteProcessMemory request was completed. (0x12B)
[0630/012807.321:ERROR:process_memory_win.cc(73)] ReadMemory at 0x924a90 of 132 bytes failed: Only part of a ReadProcessMemory or WriteProcessMemory request was completed. (0x12B)
[0630/012807.321:ERROR:process_memory_win.cc(73)] ReadMemory at 0x924b80 of 132 bytes failed: Only part of a ReadProcessMemory or WriteProcessMemory request was completed. (0x12B)
[0630/012807.321:ERROR:process_memory_win.cc(73)] ReadMemory at 0x924c70 of 132 bytes failed: Only part of a ReadProcessMemory or WriteProcessMemory request was completed. (0x12B)
[0630/012807.321:ERROR:process_memory_win.cc(73)] ReadMemory at 0x924d60 of 132 bytes failed: Only part of a ReadProcessMemory or WriteProcessMemory request was completed. (0x12B)
[0630/012807.321:ERROR:process_memory_win.cc(73)] ReadMemory at 0x924e50 of 132 bytes failed: Only part of a ReadProcessMemory or WriteProcessMemory request was completed. (0x12B)
[0630/012807.321:ERROR:process_memory_win.cc(73)] ReadMemory at 0x924f40 of 132 bytes failed: Only part of a ReadProcessMemory or WriteProcessMemory request was completed. (0x12B)
[0630/012807.321:ERROR:process_memory_win.cc(73)] ReadMemory at 0x925030 of 132 bytes failed: Only part of a ReadProcessMemory or WriteProcessMemory request was completed. (0x12B)
[0630/012807.324:ERROR:process_memory_win.cc(73)] ReadMemory at 0x925120 of 132 bytes failed: Only part of a ReadProcessMemory or WriteProcessMemory request was completed. (0x12B)
[0630/012807.324:ERROR:process_memory_win.cc(73)] ReadMemory at 0x925300 of 132 bytes failed: Only part of a ReadProcessMemory or WriteProcessMemory request was completed. (0x12B)
[0630/012807.324:ERROR:process_memory_win.cc(73)] ReadMemory at 0x9253f0 of 132 bytes failed: Only part of a ReadProcessMemory or WriteProcessMemory request was completed. (0x12B)
[0630/012807.324:ERROR:process_memory_win.cc(73)] ReadMemory at 0x9254e0 of 132 bytes failed: Only part of a ReadProcessMemory or WriteProcessMemory request was completed. (0x12B)
[0630/012807.326:ERROR:process_memory_win.cc(73)] ReadMemory at 0x925640 of 512 bytes failed: Only part of a ReadProcessMemory or WriteProcessMemory request was completed. (0x12B)
[0630/012807.326:ERROR:process_memory_win.cc(73)] ReadMemory at 0x926cf0 of 80 bytes failed: Only part of a ReadProcessMemory or WriteProcessMemory request was completed. (0x12B)
[0630/012807.326:ERROR:process_memory_win.cc(73)] ReadMemory at 0x931d70 of 62 bytes failed: Only part of a ReadProcessMemory or WriteProcessMemory request was completed. (0x12B)
[0630/012807.326:ERROR:process_memory_win.cc(73)] ReadMemory at 0x931dc0 of 62 bytes failed: Only part of a ReadProcessMemory or WriteProcessMemory request was completed. (0x12B)
[0630/012807.326:ERROR:process_memory_win.cc(73)] ReadMemory at 0x931e60 of 66 bytes failed: Only part of a ReadProcessMemory or WriteProcessMemory request was completed. (0x12B)
[0630/012807.326:ERROR:process_memory_win.cc(73)] ReadMemory at 0x93c330 of 592 bytes failed: Only part of a ReadProcessMemory or WriteProcessMemory request was completed. (0x12B)
[0630/012807.326:ERROR:process_memory_win.cc(73)] ReadMemory at 0xfeff80 of 512 bytes failed: Only part of a ReadProcessMemory or WriteProcessMemory request was completed. (0x12B)
[0630/012807.326:ERROR:process_memory_win.cc(73)] ReadMemory at 0x1251fd0 of 512 bytes failed: Only part of a ReadProcessMemory or WriteProcessMemory request was completed. (0x12B)
[0630/012807.326:ERROR:process_memory_win.cc(73)] ReadMemory at 0x12544e0 of 512 bytes failed: Only part of a ReadProcessMemory or WriteProcessMemory request was completed. (0x12B)
[0630/012807.326:ERROR:process_memory_win.cc(73)] ReadMemory at 0x1264810 of 712 bytes failed: Only part of a ReadProcessMemory or WriteProcessMemory request was completed. (0x12B)
[0630/012807.326:ERROR:process_memory_win.cc(73)] ReadMemory at 0x1269d60 of 512 bytes failed: Only part of a ReadProcessMemory or WriteProcessMemory request was completed. (0x12B)
[0630/012807.326:ERROR:process_memory_win.cc(73)] ReadMemory at 0x12ab780 of 608 bytes failed: Only part of a ReadProcessMemory or WriteProcessMemory request was completed. (0x12B)
[0630/012807.326:ERROR:process_memory_win.cc(73)] ReadMemory at 0x6d6dfb0 of 512 bytes failed: Only part of a ReadProcessMemory or WriteProcessMemory request was completed. (0x12B)
[0630/012807.326:ERROR:process_memory_win.cc(73)] ReadMemory at 0xaa6a790 of 512 bytes failed: Only part of a ReadProcessMemory or WriteProcessMemory request was completed. (0x12B)
[0630/012807.326:ERROR:process_memory_win.cc(73)] ReadMemory at 0xabe1930 of 512 bytes failed: Only part of a ReadProcessMemory or WriteProcessMemory request was completed. (0x12B)
[0630/012807.326:ERROR:process_memory_win.cc(73)] ReadMemory at 0xabe2ce0 of 512 bytes failed: Only part of a ReadProcessMemory or WriteProcessMemory request was completed. (0x12B)
[0630/012807.326:ERROR:process_memory_win.cc(73)] ReadMemory at 0xaccee60 of 512 bytes failed: Only part of a ReadProcessMemory or WriteProcessMemory request was completed. (0x12B)
[0630/012807.326:ERROR:process_memory_win.cc(73)] ReadMemory at 0xad0ee50 of 512 bytes failed: Only part of a ReadProcessMemory or WriteProcessMemory request was completed. (0x12B)
[0630/012807.326:ERROR:process_memory_win.cc(73)] ReadMemory at 0xae79c90 of 512 bytes failed: Only part of a ReadProcessMemory or WriteProcessMemory request was completed. (0x12B)
[0630/012807.326:ERROR:process_memory_win.cc(73)] ReadMemory at 0xaf35978 of 512 bytes failed: Only part of a ReadProcessMemory or WriteProcessMemory request was completed. (0x12B)
[0630/012807.326:ERROR:process_memory_win.cc(73)] ReadMemory at 0xb0b6de0 of 512 bytes failed: Only part of a ReadProcessMemory or WriteProcessMemory request was completed. (0x12B)
[0630/012807.326:ERROR:process_memory_win.cc(73)] ReadMemory at 0xb2bc7d8 of 512 bytes failed: Only part of a ReadProcessMemory or WriteProcessMemory request was completed. (0x12B)
[0630/012807.326:ERROR:process_memory_win.cc(73)] ReadMemory at 0xb333498 of 512 bytes failed: Only part of a ReadProcessMemory or WriteProcessMemory request was completed. (0x12B)
[0630/012807.326:ERROR:process_memory_win.cc(73)] ReadMemory at 0xb39e1e0 of 528 bytes failed: Only part of a ReadProcessMemory or WriteProcessMemory request was completed. (0x12B)
[0630/012807.326:ERROR:process_memory_win.cc(73)] ReadMemory at 0xff671e0 of 520 bytes failed: Only part of a ReadProcessMemory or WriteProcessMemory request was completed. (0x12B)
[0630/012807.326:ERROR:process_memory_win.cc(73)] ReadMemory at 0x1017d438 of 512 bytes failed: Only part of a ReadProcessMemory or WriteProcessMemory request was completed. (0x12B)
[0630/012807.326:ERROR:process_memory_win.cc(73)] ReadMemory at 0x1028c8b0 of 640 bytes failed: Only part of a ReadProcessMemory or WriteProcessMemory request was completed. (0x12B)
[0630/012807.326:ERROR:process_memory_win.cc(73)] ReadMemory at 0x1fcb8780 of 512 bytes failed: Only part of a ReadProcessMemory or WriteProcessMemory request was completed. (0x12B)
[0630/012807.326:ERROR:process_memory_win.cc(73)] ReadMemory at 0x76ddb228 of 512 bytes failed: Only part of a ReadProcessMemory or WriteProcessMemory request was completed. (0x12B)
[0630/012807.326:ERROR:process_memory_win.cc(73)] ReadMemory at 0x76df0000 of 384 bytes failed: Only part of a ReadProcessMemory or WriteProcessMemory request was completed. (0x12B)
[0630/012807.326:ERROR:process_memory_win.cc(73)] ReadMemory at 0x76df7bc8 of 18 bytes failed: Only part of a ReadProcessMemory or WriteProcessMemory request was completed. (0x12B)
[0630/012807.326:ERROR:process_memory_win.cc(73)] ReadMemory at 0x76dfa6c8 of 576 bytes failed: Only part of a ReadProcessMemory or WriteProcessMemory request was completed. (0x12B)
[0630/012807.326:ERROR:process_memory_win.cc(73)] ReadMemory at 0x76dfa928 of 672 bytes failed: Only part of a ReadProcessMemory or WriteProcessMemory request was completed. (0x12B)
[0630/012807.326:ERROR:process_memory_win.cc(73)] ReadMemory at 0x76e5976a of 672 bytes failed: Only part of a ReadProcessMemory or WriteProcessMemory request was completed. (0x12B)
[0630/012807.326:ERROR:process_memory_win.cc(73)] ReadMemory at 0x76e59cda of 512 bytes failed: Only part of a ReadProcessMemory or WriteProcessMemory request was completed. (0x12B)
[0630/012807.326:ERROR:process_memory_win.cc(73)] ReadMemory at 0x76e5b01a of 528 bytes failed: Only part of a ReadProcessMemory or WriteProcessMemory request was completed. (0x12B)
[0630/012807.329:ERROR:process_memory_win.cc(73)] ReadMemory at 0x76f180d8 of 40 bytes failed: Only part of a ReadProcessMemory or WriteProcessMemory request was completed. (0x12B)
[0630/012807.329:ERROR:process_memory_win.cc(73)] ReadMemory at 0x76f22dc0 of 48 bytes failed: Only part of a ReadProcessMemory or WriteProcessMemory request was completed. (0x12B)
[0630/012807.329:ERROR:process_memory_win.cc(73)] ReadMemory at 0x76f22e40 of 64 bytes failed: Only part of a ReadProcessMemory or WriteProcessMemory request was completed. (0x12B)
[0630/012807.329:ERROR:process_memory_win.cc(73)] ReadMemory at 0x1e58c7e19e8 of 512 bytes failed: Only part of a ReadProcessMemory or WriteProcessMemory request was completed. (0x12B)
[0630/012807.329:ERROR:process_memory_win.cc(73)] ReadMemory at 0x7feed55d3e8 of 512 bytes failed: Only part of a ReadProcessMemory or WriteProcessMemory request was completed. (0x12B)
[0630/012807.329:ERROR:process_memory_win.cc(73)] ReadMemory at 0x7feee7a9254 of 512 bytes failed: Only part of a ReadProcessMemory or WriteProcessMemory request was completed. (0x12B)
[0630/012807.329:ERROR:process_memory_win.cc(73)] ReadMemory at 0x7fef40014f0 of 512 bytes failed: Only part of a ReadProcessMemory or WriteProcessMemory request was completed. (0x12B)
[0630/012807.329:ERROR:process_memory_win.cc(73)] ReadMemory at 0x7fef4dbc9c8 of 512 bytes failed: Only part of a ReadProcessMemory or WriteProcessMemory request was completed. (0x12B)
[0630/012807.329:ERROR:process_memory_win.cc(73)] ReadMemory at 0x7fef56ab97e of 512 bytes failed: Only part of a ReadProcessMemory or WriteProcessMemory request was completed. (0x12B)
[0630/012807.329:ERROR:process_memory_win.cc(73)] ReadMemory at 0x7fefca5b7fd of 512 bytes failed: Only part of a ReadProcessMemory or WriteProcessMemory request was completed. (0x12B)
[0630/012807.329:ERROR:process_memory_win.cc(73)] ReadMemory at 0x7fffff94000 of 6024 bytes failed: Only part of a ReadProcessMemory or WriteProcessMemory request was completed. (0x12B)
[0630/012807.329:ERROR:process_memory_win.cc(73)] ReadMemory at 0x7fffff96000 of 6024 bytes failed: Only part of a ReadProcessMemory or WriteProcessMemory request was completed. (0x12B)
[0630/012807.329:ERROR:process_memory_win.cc(73)] ReadMemory at 0x7fffff9e000 of 6024 bytes failed: Only part of a ReadProcessMemory or WriteProcessMemory request was completed. (0x12B)
[0630/012807.329:ERROR:process_memory_win.cc(73)] ReadMemory at 0x7fffffa0000 of 6024 bytes failed: Only part of a ReadProcessMemory or WriteProcessMemory request was completed. (0x12B)
[0630/012807.329:ERROR:process_memory_win.cc(73)] ReadMemory at 0x7fffffa2000 of 6024 bytes failed: Only part of a ReadProcessMemory or WriteProcessMemory request was completed. (0x12B)
[0630/012807.329:ERROR:process_memory_win.cc(73)] ReadMemory at 0x7fffffa4000 of 6024 bytes failed: Only part of a ReadProcessMemory or WriteProcessMemory request was completed. (0x12B)
[0630/012807.329:ERROR:process_memory_win.cc(73)] ReadMemory at 0x7fffffa6000 of 6024 bytes failed: Only part of a ReadProcessMemory or WriteProcessMemory request was completed. (0x12B)
[0630/012807.329:ERROR:process_memory_win.cc(73)] ReadMemory at 0x7fffffa8000 of 6024 bytes failed: Only part of a ReadProcessMemory or WriteProcessMemory request was completed. (0x12B)
[0630/012807.361:ERROR:scoped_process_suspend.cc(40)] NtResumeProcess: An attempt was made to access an exiting process. (0xc000010a)
